<?xml version="1.0" encoding="UTF-8"?>
<testng-results skipped="0" failed="0" total="1" passed="1">
  <reporter-output>
  </reporter-output>
  <suite name="Default suite" duration-ms="69035" started-at="2022-09-16T13:03:18Z" finished-at="2022-09-16T13:04:27Z">
    <groups>
    </groups>
    <test name="Default test" duration-ms="69035" started-at="2022-09-16T13:03:18Z" finished-at="2022-09-16T13:04:27Z">
      <class name="com.myEcom.testcases.SignInPageTest">
        <test-method status="PASS" signature="readProp()[pri:0, instance:com.myEcom.testcases.SignInPageTest@36f6e879]" name="readProp" is-config="true" duration-ms="25" started-at="2022-09-16T18:33:18Z" finished-at="2022-09-16T18:33:18Z">
          <reporter-output>
          </reporter-output>
        </test-method> <!-- readProp -->
        <test-method status="PASS" signature="setup()[pri:0, instance:com.myEcom.testcases.SignInPageTest@36f6e879]" name="setup" is-config="true" duration-ms="39359" started-at="2022-09-16T18:33:18Z" finished-at="2022-09-16T18:33:57Z">
          <reporter-output>
          </reporter-output>
        </test-method> <!-- setup -->
        <test-method status="PASS" signature="getTitle()[pri:0, instance:com.myEcom.testcases.SignInPageTest@36f6e879]" name="getTitle" duration-ms="25387" started-at="2022-09-16T18:33:57Z" finished-at="2022-09-16T18:34:23Z">
          <reporter-output>
          </reporter-output>
        </test-method> <!-- getTitle -->
        <test-method status="PASS" signature="tearDown()[pri:0, instance:com.myEcom.testcases.SignInPageTest@36f6e879]" name="tearDown" is-config="true" duration-ms="4250" started-at="2022-09-16T18:34:23Z" finished-at="2022-09-16T18:34:27Z">
          <reporter-output>
          </reporter-output>
        </test-method> <!-- tearDown -->
      </class> <!-- com.myEcom.testcases.SignInPageTest -->
    </test> <!-- Default test -->
  </suite> <!-- Default suite -->
</testng-results>
